09:37:06.671 [restartedMain] INFO  com.nick.gvent.Application - Starting Application on Dzianiss-MacBook-Pro.local with PID 83201 (/Users/dzianiskiparyn/Desktop/Gvent/target/classes started by dzianiskiparyn in /Users/dzianiskiparyn/Desktop/Gvent)
09:37:06.675 [restartedMain] DEBUG com.nick.gvent.Application - Running with Spring Boot v1.5.8.RELEASE, Spring v4.3.12.RELEASE
09:37:06.675 [restartedMain] INFO  com.nick.gvent.Application - No active profile set, falling back to default profiles: default
09:37:18.102 [restartedMain] INFO  com.nick.gvent.Application - Started Application in 26.978 seconds (JVM running for 40.935)
09:37:51.598 [http-nio-8077-exec-7] INFO  c.n.g.s.s.u.UserDetailsServiceImpl - New user saved User{id=1, authorities=[Role{id=1, name=USER}], username='user', firstName='user', lastName='useravich', age=26, gender='male', email='fetissov.n@gmail.com', password='$2a$10$6cLWLwthRlGRAcnKyWc8.OZ6NwWKvelLKhMJIMCYZOoq7UX88SmZC', passwordCheck='null', accountNonExpired=true, accountNonLocked=true, credentialsNonExpired=true, enabled=true, eventsList=[com.nick.gvent.entity.Event@743d430e]}
13:41:14.797 [http-nio-8077-exec-6] INFO  c.n.g.s.s.u.UserDetailsServiceImpl - New user saved User{id=1, authorities=[Role{id=1, name=USER}], username='user', firstName='user', lastName='useravich', age=26, gender='male', email='fetissov.n@gmail.com', password='$2a$10$6cLWLwthRlGRAcnKyWc8.OZ6NwWKvelLKhMJIMCYZOoq7UX88SmZC', passwordCheck='null', accountNonExpired=true, accountNonLocked=true, credentialsNonExpired=true, enabled=true, eventsList=[com.nick.gvent.entity.Event@7491d1e2]}
13:41:58.418 [http-nio-8077-exec-1] WARN  c.n.gvent.util.event.EventValidation - Wrong event [FAILED toString()]
19:12:16.194 [restartedMain] INFO  com.nick.gvent.Application - Starting Application on Dzianiss-MacBook-Pro.local with PID 84754 (/Users/dzianiskiparyn/Desktop/Gvent/target/classes started by dzianiskiparyn in /Users/dzianiskiparyn/Desktop/Gvent)
19:12:16.199 [restartedMain] DEBUG com.nick.gvent.Application - Running with Spring Boot v1.5.8.RELEASE, Spring v4.3.12.RELEASE
19:12:16.199 [restartedMain] INFO  com.nick.gvent.Application - No active profile set, falling back to default profiles: default
19:13:32.716 [restartedMain] INFO  com.nick.gvent.Application - Started Application in 92.345 seconds (JVM running for 112.946)
19:17:16.036 [http-nio-8077-exec-3] INFO  c.n.g.s.s.u.UserDetailsServiceImpl - New user saved User{id=1, authorities=[Role{id=1, name=USER}], username='user', firstName='user', lastName='useravich', age=26, gender='male', email='fetissov.n@gmail.com', password='$2a$10$6cLWLwthRlGRAcnKyWc8.OZ6NwWKvelLKhMJIMCYZOoq7UX88SmZC', passwordCheck='null', accountNonExpired=true, accountNonLocked=true, credentialsNonExpired=true, enabled=true, eventsList=[com.nick.gvent.entity.Event@163f75ac]}
18:29:50.282 [restartedMain] INFO  com.nick.gvent.Application - Starting Application on Dzianiss-MacBook-Pro.local with PID 6125 (/Users/dzianiskiparyn/Desktop/Gvent/target/classes started by dzianiskiparyn in /Users/dzianiskiparyn/Desktop/Gvent)
18:29:50.286 [restartedMain] DEBUG com.nick.gvent.Application - Running with Spring Boot v1.5.8.RELEASE, Spring v4.3.12.RELEASE
18:29:50.286 [restartedMain] INFO  com.nick.gvent.Application - No active profile set, falling back to default profiles: default
18:29:59.632 [restartedMain] INFO  com.nick.gvent.Application - Started Application in 24.671 seconds (JVM running for 36.624)
18:32:06.139 [restartedMain] INFO  com.nick.gvent.Application - Starting Application on Dzianiss-MacBook-Pro.local with PID 6231 (/Users/dzianiskiparyn/Desktop/Gvent/target/classes started by dzianiskiparyn in /Users/dzianiskiparyn/Desktop/Gvent)
18:32:06.142 [restartedMain] DEBUG com.nick.gvent.Application - Running with Spring Boot v1.5.8.RELEASE, Spring v4.3.12.RELEASE
18:32:06.142 [restartedMain] INFO  com.nick.gvent.Application - No active profile set, falling back to default profiles: default
18:32:11.779 [restartedMain] INFO  com.nick.gvent.Application - Started Application in 20.841 seconds (JVM running for 31.787)
18:58:13.070 [restartedMain] INFO  com.nick.gvent.Application - Starting Application on Dzianiss-MacBook-Pro.local with PID 6990 (/Users/dzianiskiparyn/Desktop/Gvent/target/classes started by dzianiskiparyn in /Users/dzianiskiparyn/Desktop/Gvent)
18:58:13.079 [restartedMain] DEBUG com.nick.gvent.Application - Running with Spring Boot v1.5.8.RELEASE, Spring v4.3.12.RELEASE
18:58:13.080 [restartedMain] INFO  com.nick.gvent.Application - No active profile set, falling back to default profiles: default
18:58:47.393 [restartedMain] INFO  com.nick.gvent.Application - Started Application in 49.935 seconds (JVM running for 63.772)
19:06:54.168 [restartedMain] INFO  com.nick.gvent.Application - Starting Application on Dzianiss-MacBook-Pro.local with PID 7273 (/Users/dzianiskiparyn/Desktop/Gvent/target/classes started by dzianiskiparyn in /Users/dzianiskiparyn/Desktop/Gvent)
19:06:54.173 [restartedMain] DEBUG com.nick.gvent.Application - Running with Spring Boot v1.5.8.RELEASE, Spring v4.3.12.RELEASE
19:06:54.174 [restartedMain] INFO  com.nick.gvent.Application - No active profile set, falling back to default profiles: default
19:07:09.613 [restartedMain] INFO  com.nick.gvent.Application - Started Application in 30.895 seconds (JVM running for 44.005)
19:12:55.777 [restartedMain] INFO  com.nick.gvent.Application - Starting Application on Dzianiss-MacBook-Pro.local with PID 7506 (/Users/dzianiskiparyn/Desktop/Gvent/target/classes started by dzianiskiparyn in /Users/dzianiskiparyn/Desktop/Gvent)
19:12:55.785 [restartedMain] DEBUG com.nick.gvent.Application - Running with Spring Boot v1.5.8.RELEASE, Spring v4.3.12.RELEASE
19:12:55.786 [restartedMain] INFO  com.nick.gvent.Application - No active profile set, falling back to default profiles: default
19:13:10.306 [restartedMain] INFO  com.nick.gvent.Application - Started Application in 30.047 seconds (JVM running for 43.364)
19:19:44.449 [restartedMain] INFO  com.nick.gvent.Application - Starting Application on Dzianiss-MacBook-Pro.local with PID 7701 (/Users/dzianiskiparyn/Desktop/Gvent/target/classes started by dzianiskiparyn in /Users/dzianiskiparyn/Desktop/Gvent)
19:19:44.461 [restartedMain] DEBUG com.nick.gvent.Application - Running with Spring Boot v1.5.8.RELEASE, Spring v4.3.12.RELEASE
19:19:44.461 [restartedMain] INFO  com.nick.gvent.Application - No active profile set, falling back to default profiles: default
19:19:56.527 [restartedMain] INFO  com.nick.gvent.Application - Started Application in 27.43 seconds (JVM running for 39.681)
19:30:45.029 [restartedMain] INFO  com.nick.gvent.Application - Starting Application on Dzianiss-MacBook-Pro.local with PID 8093 (/Users/dzianiskiparyn/Desktop/Gvent/target/classes started by dzianiskiparyn in /Users/dzianiskiparyn/Desktop/Gvent)
19:30:45.034 [restartedMain] DEBUG com.nick.gvent.Application - Running with Spring Boot v1.5.8.RELEASE, Spring v4.3.12.RELEASE
19:30:45.035 [restartedMain] INFO  com.nick.gvent.Application - No active profile set, falling back to default profiles: default
19:30:57.930 [restartedMain] INFO  com.nick.gvent.Application - Started Application in 28.361 seconds (JVM running for 42.317)
19:37:07.303 [restartedMain] INFO  com.nick.gvent.Application - Starting Application on Dzianiss-MacBook-Pro.local with PID 8232 (/Users/dzianiskiparyn/Desktop/Gvent/target/classes started by dzianiskiparyn in /Users/dzianiskiparyn/Desktop/Gvent)
19:37:07.310 [restartedMain] DEBUG com.nick.gvent.Application - Running with Spring Boot v1.5.8.RELEASE, Spring v4.3.12.RELEASE
19:37:07.311 [restartedMain] INFO  com.nick.gvent.Application - No active profile set, falling back to default profiles: default
19:37:19.116 [restartedMain] INFO  com.nick.gvent.Application - Started Application in 27.193 seconds (JVM running for 39.52)
19:42:35.070 [restartedMain] INFO  com.nick.gvent.Application - Starting Application on Dzianiss-MacBook-Pro.local with PID 8470 (/Users/dzianiskiparyn/Desktop/Gvent/target/classes started by dzianiskiparyn in /Users/dzianiskiparyn/Desktop/Gvent)
19:42:35.073 [restartedMain] DEBUG com.nick.gvent.Application - Running with Spring Boot v1.5.8.RELEASE, Spring v4.3.12.RELEASE
19:42:35.074 [restartedMain] INFO  com.nick.gvent.Application - No active profile set, falling back to default profiles: default
19:42:47.224 [restartedMain] INFO  com.nick.gvent.Application - Started Application in 27.565 seconds (JVM running for 40.297)
19:53:21.088 [restartedMain] INFO  com.nick.gvent.Application - Starting Application on Dzianiss-MacBook-Pro.local with PID 8828 (/Users/dzianiskiparyn/Desktop/Gvent/target/classes started by dzianiskiparyn in /Users/dzianiskiparyn/Desktop/Gvent)
19:53:21.096 [restartedMain] DEBUG com.nick.gvent.Application - Running with Spring Boot v1.5.8.RELEASE, Spring v4.3.12.RELEASE
19:53:21.097 [restartedMain] INFO  com.nick.gvent.Application - No active profile set, falling back to default profiles: default
19:53:31.606 [restartedMain] INFO  com.nick.gvent.Application - Started Application in 26.046 seconds (JVM running for 39.712)
19:56:46.932 [restartedMain] INFO  com.nick.gvent.Application - Starting Application on Dzianiss-MacBook-Pro.local with PID 8881 (/Users/dzianiskiparyn/Desktop/Gvent/target/classes started by dzianiskiparyn in /Users/dzianiskiparyn/Desktop/Gvent)
19:56:46.940 [restartedMain] DEBUG com.nick.gvent.Application - Running with Spring Boot v1.5.8.RELEASE, Spring v4.3.12.RELEASE
19:56:46.940 [restartedMain] INFO  com.nick.gvent.Application - No active profile set, falling back to default profiles: default
19:56:57.795 [restartedMain] INFO  com.nick.gvent.Application - Started Application in 26.223 seconds (JVM running for 39.122)
20:02:43.277 [restartedMain] INFO  com.nick.gvent.Application - Starting Application on Dzianiss-MacBook-Pro.local with PID 9075 (/Users/dzianiskiparyn/Desktop/Gvent/target/classes started by dzianiskiparyn in /Users/dzianiskiparyn/Desktop/Gvent)
20:02:43.289 [restartedMain] DEBUG com.nick.gvent.Application - Running with Spring Boot v1.5.8.RELEASE, Spring v4.3.12.RELEASE
20:02:43.290 [restartedMain] INFO  com.nick.gvent.Application - No active profile set, falling back to default profiles: default
20:03:07.204 [restartedMain] INFO  com.nick.gvent.Application - Started Application in 39.533 seconds (JVM running for 53.991)
20:08:13.889 [restartedMain] INFO  com.nick.gvent.Application - Starting Application on Dzianiss-MacBook-Pro.local with PID 9255 (/Users/dzianiskiparyn/Desktop/Gvent/target/classes started by dzianiskiparyn in /Users/dzianiskiparyn/Desktop/Gvent)
20:08:13.893 [restartedMain] DEBUG com.nick.gvent.Application - Running with Spring Boot v1.5.8.RELEASE, Spring v4.3.12.RELEASE
20:08:13.894 [restartedMain] INFO  com.nick.gvent.Application - No active profile set, falling back to default profiles: default
20:09:21.647 [restartedMain] INFO  com.nick.gvent.Application - Starting Application on Dzianiss-MacBook-Pro.local with PID 9279 (/Users/dzianiskiparyn/Desktop/Gvent/target/classes started by dzianiskiparyn in /Users/dzianiskiparyn/Desktop/Gvent)
20:09:21.658 [restartedMain] DEBUG com.nick.gvent.Application - Running with Spring Boot v1.5.8.RELEASE, Spring v4.3.12.RELEASE
20:09:21.659 [restartedMain] INFO  com.nick.gvent.Application - No active profile set, falling back to default profiles: default
20:09:38.272 [restartedMain] INFO  com.nick.gvent.Application - Started Application in 32.003 seconds (JVM running for 46.373)
20:12:27.743 [restartedMain] INFO  com.nick.gvent.Application - Starting Application on Dzianiss-MacBook-Pro.local with PID 9401 (/Users/dzianiskiparyn/Desktop/Gvent/target/classes started by dzianiskiparyn in /Users/dzianiskiparyn/Desktop/Gvent)
20:12:27.759 [restartedMain] DEBUG com.nick.gvent.Application - Running with Spring Boot v1.5.8.RELEASE, Spring v4.3.12.RELEASE
20:12:27.778 [restartedMain] INFO  com.nick.gvent.Application - No active profile set, falling back to default profiles: default
20:12:42.516 [restartedMain] INFO  com.nick.gvent.Application - Started Application in 30.8 seconds (JVM running for 43.554)
20:23:37.264 [restartedMain] INFO  com.nick.gvent.Application - Starting Application on Dzianiss-MacBook-Pro.local with PID 9668 (/Users/dzianiskiparyn/Desktop/Gvent/target/classes started by dzianiskiparyn in /Users/dzianiskiparyn/Desktop/Gvent)
20:23:37.279 [restartedMain] DEBUG com.nick.gvent.Application - Running with Spring Boot v1.5.8.RELEASE, Spring v4.3.12.RELEASE
20:23:37.280 [restartedMain] INFO  com.nick.gvent.Application - No active profile set, falling back to default profiles: default
20:23:51.579 [restartedMain] INFO  com.nick.gvent.Application - Started Application in 29.812 seconds (JVM running for 42.866)
