02:14:49.508 [restartedMain] INFO  com.nick.gvent.Application - Starting Application on DESKTOP-VIHR577 with PID 11836 (C:\Users\Nick\IdeaProjects\Gvent\target\classes started by Nick in C:\Users\Nick\IdeaProjects\Gvent)
02:14:49.523 [restartedMain] DEBUG com.nick.gvent.Application - Running with Spring Boot v1.5.8.RELEASE, Spring v4.3.12.RELEASE
02:14:49.523 [restartedMain] INFO  com.nick.gvent.Application - No active profile set, falling back to default profiles: default
02:14:50.961 [restartedMain] INFO  o.s.b.c.e.AnnotationConfigEmbeddedWebApplicationContext - Refreshing org.springframework.boot.context.embedded.AnnotationConfigEmbeddedWebApplicationContext@699227af: startup date [Fri Dec 08 02:14:50 MSK 2017]; root of context hierarchy
02:15:03.817 [restartedMain] INFO  o.s.b.c.e.t.TomcatEmbeddedServletContainer - Tomcat initialized with port(s): 8077 (http)
02:15:03.879 [restartedMain] INFO  o.a.catalina.core.StandardService - Starting service [Tomcat]
02:15:03.879 [restartedMain] INFO  o.a.catalina.core.StandardEngine - Starting Servlet Engine: Apache Tomcat/8.5.23
02:15:04.411 [localhost-startStop-1] INFO  o.a.c.c.C.[Tomcat].[localhost].[/] - Initializing Spring embedded WebApplicationContext
02:15:04.411 [localhost-startStop-1] INFO  o.s.web.context.ContextLoader - Root WebApplicationContext: initialization completed in 13466 ms
02:15:05.270 [localhost-startStop-1] INFO  o.s.b.w.s.FilterRegistrationBean - Mapping filter: 'characterEncodingFilter' to: [/*]
02:15:05.270 [localhost-startStop-1] INFO  o.s.b.w.s.FilterRegistrationBean - Mapping filter: 'hiddenHttpMethodFilter' to: [/*]
02:15:05.270 [localhost-startStop-1] INFO  o.s.b.w.s.FilterRegistrationBean - Mapping filter: 'httpPutFormContentFilter' to: [/*]
02:15:05.270 [localhost-startStop-1] INFO  o.s.b.w.s.FilterRegistrationBean - Mapping filter: 'requestContextFilter' to: [/*]
02:15:05.286 [localhost-startStop-1] INFO  o.s.b.w.s.DelegatingFilterProxyRegistrationBean - Mapping filter: 'springSecurityFilterChain' to: [/*]
02:15:05.286 [localhost-startStop-1] INFO  o.s.b.w.s.ServletRegistrationBean - Mapping servlet: 'dispatcherServlet' to [/]
02:15:05.989 [restartedMain] INFO  o.s.o.j.LocalContainerEntityManagerFactoryBean - Building JPA container EntityManagerFactory for persistence unit 'default'
02:15:11.552 [restartedMain] INFO  o.s.o.j.LocalContainerEntityManagerFactoryBean - Initialized JPA EntityManagerFactory for persistence unit 'default'
02:15:18.349 [restartedMain] INFO  o.s.s.web.DefaultSecurityFilterChain - Creating filter chain: org.springframework.security.web.util.matcher.AnyRequestMatcher@1, [org.springframework.security.web.context.request.async.WebAsyncManagerIntegrationFilter@5dcf8970, org.springframework.security.web.context.SecurityContextPersistenceFilter@156c6259, org.springframework.security.web.header.HeaderWriterFilter@1dbcfe8, org.springframework.security.web.csrf.CsrfFilter@69a46a81, org.springframework.security.web.authentication.logout.LogoutFilter@59febd59, org.springframework.security.web.authentication.UsernamePasswordAuthenticationFilter@2dec7d0a, org.springframework.security.web.savedrequest.RequestCacheAwareFilter@31fe3a49, org.springframework.security.web.servletapi.SecurityContextHolderAwareRequestFilter@536c2b89, org.springframework.security.web.authentication.AnonymousAuthenticationFilter@1f592bdc, org.springframework.security.web.session.SessionManagementFilter@2d291d65, org.springframework.security.web.access.ExceptionTranslationFilter@140c875, org.springframework.security.web.access.intercept.FilterSecurityInterceptor@3941d057]
02:15:20.208 [restartedMain] INFO  o.s.w.s.m.m.a.RequestMappingHandlerAdapter - Looking for @ControllerAdvice: org.springframework.boot.context.embedded.AnnotationConfigEmbeddedWebApplicationContext@699227af: startup date [Fri Dec 08 02:14:50 MSK 2017]; root of context hierarchy
02:15:21.411 [restartedMain] INFO  o.s.w.s.m.m.a.RequestMappingHandlerMapping - Mapped "{[/error],methods=[GET]}" onto public java.lang.String com.nick.gvent.controllers.HttpErrorHandler.err(javax.servlet.http.HttpServletResponse,org.springframework.ui.Model)
02:15:21.411 [restartedMain] INFO  o.s.w.s.m.m.a.RequestMappingHandlerMapping - Mapped "{[/]}" onto public java.lang.String com.nick.gvent.controllers.LayoutController.main()
02:15:21.411 [restartedMain] INFO  o.s.w.s.m.m.a.RequestMappingHandlerMapping - Mapped "{[/map]}" onto public java.lang.String com.nick.gvent.controllers.LayoutController.map()
02:15:21.427 [restartedMain] INFO  o.s.w.s.m.m.a.RequestMappingHandlerMapping - Mapped "{[/login/registration],methods=[POST]}" onto public java.lang.String com.nick.gvent.controllers.LoginController.register(com.nick.gvent.dto.UserDTO,org.springframework.ui.Model,org.springframework.validation.BindingResult)
02:15:21.427 [restartedMain] INFO  o.s.w.s.m.m.a.RequestMappingHandlerMapping - Mapped "{[/login/registration],methods=[GET]}" onto public java.lang.String com.nick.gvent.controllers.LoginController.register(org.springframework.ui.Model)
02:15:21.427 [restartedMain] INFO  o.s.w.s.m.m.a.RequestMappingHandlerMapping - Mapped "{[/login],methods=[GET]}" onto public java.lang.String com.nick.gvent.controllers.LoginController.getLogin(java.lang.String,java.lang.String,org.springframework.ui.Model)
02:15:21.458 [restartedMain] INFO  o.s.w.s.m.m.a.RequestMappingHandlerMapping - Mapped "{[/api/getUserInfo],methods=[GET],produces=[application/json]}" onto public java.util.Map<java.lang.String, com.nick.gvent.dto.UserDTO> com.nick.gvent.controllers.RestController.getUserInfo(org.springframework.security.core.Authentication)
02:15:21.458 [restartedMain] INFO  o.s.w.s.m.m.a.RequestMappingHandlerMapping - Mapped "{[/api/getAll],methods=[POST],consumes=[application/json],produces=[application/json]}" onto public java.util.Map<java.lang.String, java.util.List<com.nick.gvent.dto.EventDTOWithUsersList>> com.nick.gvent.controllers.RestController.getAll(com.nick.gvent.entity.json.MarkerSortingJSON,org.springframework.security.core.Authentication) throws org.json.JSONException
02:15:21.458 [restartedMain] INFO  o.s.w.s.m.m.a.RequestMappingHandlerMapping - Mapped "{[/api/removeEvent/{json}],methods=[DELETE],produces=[application/json]}" onto public java.util.Map<java.lang.String, java.util.List<com.nick.gvent.dto.EventDTO>> com.nick.gvent.controllers.RestController.removeEvent(org.json.JSONObject,org.springframework.security.core.Authentication) throws org.json.JSONException
02:15:21.458 [restartedMain] INFO  o.s.w.s.m.m.a.RequestMappingHandlerMapping - Mapped "{[/api/getUsersEvents/{json}],methods=[GET],produces=[application/json]}" onto public java.util.Map<java.lang.String, java.util.List<com.nick.gvent.dto.EventDTO>> com.nick.gvent.controllers.RestController.getAllUserEvents(org.json.JSONObject,org.springframework.security.core.Authentication) throws org.json.JSONException
02:15:21.458 [restartedMain] INFO  o.s.w.s.m.m.a.RequestMappingHandlerMapping - Mapped "{[/api/createEvent],methods=[POST],consumes=[application/json]}" onto public java.util.Map<java.lang.String, com.nick.gvent.dto.EventDTO> com.nick.gvent.controllers.RestController.createNewEvent(com.nick.gvent.dto.EventDTO,java.security.Principal,org.springframework.security.core.Authentication)
02:15:21.458 [restartedMain] INFO  o.s.w.s.m.m.a.RequestMappingHandlerMapping - Mapped "{[/api/getAll/absolute],methods=[GET],produces=[application/json]}" onto public java.util.Map<java.lang.String, java.util.List<com.nick.gvent.dto.EventDTO>> com.nick.gvent.controllers.RestController.getAllEventsAbs(org.springframework.security.core.Authentication)
02:15:21.458 [restartedMain] INFO  o.s.w.s.m.m.a.RequestMappingHandlerMapping - Mapped "{[/api/addParticipant/{id}],methods=[GET],produces=[application/json]}" onto public java.util.Map<java.lang.String, com.nick.gvent.dto.EventDTO> com.nick.gvent.controllers.RestController.addParticipant(java.lang.Long,org.springframework.security.core.Authentication) throws org.json.JSONException
02:15:23.146 [restartedMain] INFO  o.s.w.s.h.SimpleUrlHandlerMapping - Root mapping to handler of type [class org.springframework.web.servlet.mvc.ParameterizableViewController]
02:15:23.146 [restartedMain] INFO  o.s.w.s.h.SimpleUrlHandlerMapping - Mapped URL path [/map] onto handler of type [class org.springframework.web.servlet.mvc.ParameterizableViewController]
02:15:23.146 [restartedMain] INFO  o.s.w.s.h.SimpleUrlHandlerMapping - Mapped URL path [/login/] onto handler of type [class org.springframework.web.servlet.mvc.ParameterizableViewController]
02:15:23.240 [restartedMain] INFO  o.s.w.s.h.SimpleUrlHandlerMapping - Mapped URL path [/webjars/**] onto handler of type [class org.springframework.web.servlet.resource.ResourceHttpRequestHandler]
02:15:23.240 [restartedMain] INFO  o.s.w.s.h.SimpleUrlHandlerMapping - Mapped URL path [/**] onto handler of type [class org.springframework.web.servlet.resource.ResourceHttpRequestHandler]
02:15:23.411 [restartedMain] INFO  o.s.w.s.m.m.a.ExceptionHandlerExceptionResolver - Detected @ExceptionHandler methods in serviceExceptionHandler
02:15:23.599 [restartedMain] INFO  o.s.w.s.h.SimpleUrlHandlerMapping - Mapped URL path [/**/favicon.ico] onto handler of type [class org.springframework.web.servlet.resource.ResourceHttpRequestHandler]
02:15:25.474 [restartedMain] INFO  o.s.w.s.v.f.FreeMarkerConfigurer - ClassTemplateLoader for Spring macros added to FreeMarker configuration
02:15:26.255 [restartedMain] INFO  o.s.b.d.a.OptionalLiveReloadServer - LiveReload server is running on port 35729
02:15:26.818 [restartedMain] INFO  o.s.j.e.a.AnnotationMBeanExporter - Registering beans for JMX exposure on startup
02:15:26.818 [restartedMain] INFO  o.s.j.e.a.AnnotationMBeanExporter - Bean with name 'dataSource' has been autodetected for JMX exposure
02:15:26.834 [restartedMain] INFO  o.s.j.e.a.AnnotationMBeanExporter - Located MBean 'dataSource': registering with JMX server as MBean [org.apache.commons.dbcp2:name=dataSource,type=BasicDataSource]
02:15:26.896 [restartedMain] INFO  o.a.coyote.http11.Http11NioProtocol - Initializing ProtocolHandler ["http-nio-8077"]
02:15:26.943 [restartedMain] INFO  o.a.coyote.http11.Http11NioProtocol - Starting ProtocolHandler ["http-nio-8077"]
02:15:26.974 [restartedMain] INFO  o.a.tomcat.util.net.NioSelectorPool - Using a shared selector for servlet write/read
02:15:27.052 [restartedMain] INFO  o.s.b.c.e.t.TomcatEmbeddedServletContainer - Tomcat started on port(s): 8077 (http)
02:15:27.099 [restartedMain] INFO  com.nick.gvent.Application - Started Application in 39.639 seconds (JVM running for 42.89)
02:15:30.127 [http-nio-8077-exec-1] INFO  o.a.c.c.C.[Tomcat].[localhost].[/] - Initializing Spring FrameworkServlet 'dispatcherServlet'
02:15:30.127 [http-nio-8077-exec-1] INFO  o.s.web.servlet.DispatcherServlet - FrameworkServlet 'dispatcherServlet': initialization started
02:15:30.221 [http-nio-8077-exec-1] INFO  o.s.web.servlet.DispatcherServlet - FrameworkServlet 'dispatcherServlet': initialization completed in 94 ms
02:15:36.425 [http-nio-8077-exec-4] INFO  c.n.g.s.s.u.UserDetailsServiceImpl - New user saved User{id=2, authorities=[Role{id=2, name=ADMIN}, Role{id=1, name=USER}], username='admin', firstName='admin', lastName='adminovich', age=26, gender='male', email='fetissov.admin.n@gmail.com', password='$2a$10$qb2UpFnmQkTMpcFwwdkgmu3YQ4w33jJPCRZmkl4kNkCdBOrXpcnsK', passwordCheck='null', accountNonExpired=true, accountNonLocked=true, credentialsNonExpired=true, enabled=true, eventsList=[com.nick.gvent.entity.Event@11398afb, com.nick.gvent.entity.Event@11398b1a]}
