[INFO ] 2017-11-21 19:02:42.372 [localhost-startStop-1] ContextLoader - Root WebApplicationContext: initialization completed in 16601 ms
[INFO ] 2017-11-21 19:03:07.589 [restartedMain] RequestMappingHandlerAdapter - Looking for @ControllerAdvice: org.springframework.boot.context.embedded.AnnotationConfigEmbeddedWebApplicationContext@39baf1b4: startup date [Tue Nov 21 19:02:25 MSK 2017]; root of context hierarchy
[INFO ] 2017-11-21 19:03:08.200 [restartedMain] RequestMappingHandlerMapping - Mapped "{[/error],methods=[GET]}" onto public java.lang.String com.nick.gvent.controllers.HttpErrorHandler.err(javax.servlet.http.HttpServletResponse,org.springframework.ui.Model)
[INFO ] 2017-11-21 19:03:08.206 [restartedMain] RequestMappingHandlerMapping - Mapped "{[/]}" onto public java.lang.String com.nick.gvent.controllers.LayoutController.main()
[INFO ] 2017-11-21 19:03:08.207 [restartedMain] RequestMappingHandlerMapping - Mapped "{[/map]}" onto public java.lang.String com.nick.gvent.controllers.LayoutController.map()
[INFO ] 2017-11-21 19:03:08.216 [restartedMain] RequestMappingHandlerMapping - Mapped "{[/login/registration],methods=[POST]}" onto public java.lang.String com.nick.gvent.controllers.LoginController.register(com.nick.gvent.dto.UserDTO,org.springframework.ui.Model,org.springframework.validation.BindingResult)
[INFO ] 2017-11-21 19:03:08.217 [restartedMain] RequestMappingHandlerMapping - Mapped "{[/login/registration],methods=[GET]}" onto public java.lang.String com.nick.gvent.controllers.LoginController.register(org.springframework.ui.Model)
[INFO ] 2017-11-21 19:03:08.218 [restartedMain] RequestMappingHandlerMapping - Mapped "{[/login],methods=[GET]}" onto public java.lang.String com.nick.gvent.controllers.LoginController.getLogin(java.lang.String,java.lang.String,org.springframework.ui.Model)
[INFO ] 2017-11-21 19:03:08.338 [restartedMain] SimpleUrlHandlerMapping - Root mapping to handler of type [class org.springframework.web.servlet.mvc.ParameterizableViewController]
[INFO ] 2017-11-21 19:03:08.338 [restartedMain] SimpleUrlHandlerMapping - Mapped URL path [/map] onto handler of type [class org.springframework.web.servlet.mvc.ParameterizableViewController]
[INFO ] 2017-11-21 19:03:08.339 [restartedMain] SimpleUrlHandlerMapping - Mapped URL path [/login/] onto handler of type [class org.springframework.web.servlet.mvc.ParameterizableViewController]
[INFO ] 2017-11-21 19:03:08.423 [restartedMain] SimpleUrlHandlerMapping - Mapped URL path [/webjars/**] onto handler of type [class org.springframework.web.servlet.resource.ResourceHttpRequestHandler]
[INFO ] 2017-11-21 19:03:08.424 [restartedMain] SimpleUrlHandlerMapping - Mapped URL path [/**] onto handler of type [class org.springframework.web.servlet.resource.ResourceHttpRequestHandler]
[INFO ] 2017-11-21 19:03:08.707 [restartedMain] SimpleUrlHandlerMapping - Mapped URL path [/**/favicon.ico] onto handler of type [class org.springframework.web.servlet.resource.ResourceHttpRequestHandler]
[INFO ] 2017-11-21 19:03:10.055 [restartedMain] FreeMarkerConfigurer - ClassTemplateLoader for Spring macros added to FreeMarker configuration
[INFO ] 2017-11-21 19:05:02.507 [localhost-startStop-1] ContextLoader - Root WebApplicationContext: initialization completed in 8644 ms
[INFO ] 2017-11-21 19:05:13.570 [restartedMain] RequestMappingHandlerAdapter - Looking for @ControllerAdvice: org.springframework.boot.context.embedded.AnnotationConfigEmbeddedWebApplicationContext@41e935c0: startup date [Tue Nov 21 19:04:53 MSK 2017]; root of context hierarchy
[INFO ] 2017-11-21 19:05:13.758 [restartedMain] RequestMappingHandlerMapping - Mapped "{[/error],methods=[GET]}" onto public java.lang.String com.nick.gvent.controllers.HttpErrorHandler.err(javax.servlet.http.HttpServletResponse,org.springframework.ui.Model)
[INFO ] 2017-11-21 19:05:13.774 [restartedMain] RequestMappingHandlerMapping - Mapped "{[/]}" onto public java.lang.String com.nick.gvent.controllers.LayoutController.main()
[INFO ] 2017-11-21 19:05:13.774 [restartedMain] RequestMappingHandlerMapping - Mapped "{[/map]}" onto public java.lang.String com.nick.gvent.controllers.LayoutController.map()
[INFO ] 2017-11-21 19:05:13.774 [restartedMain] RequestMappingHandlerMapping - Mapped "{[/login/registration],methods=[POST]}" onto public java.lang.String com.nick.gvent.controllers.LoginController.register(com.nick.gvent.dto.UserDTO,org.springframework.ui.Model,org.springframework.validation.BindingResult)
[INFO ] 2017-11-21 19:05:13.774 [restartedMain] RequestMappingHandlerMapping - Mapped "{[/login/registration],methods=[GET]}" onto public java.lang.String com.nick.gvent.controllers.LoginController.register(org.springframework.ui.Model)
[INFO ] 2017-11-21 19:05:13.774 [restartedMain] RequestMappingHandlerMapping - Mapped "{[/login],methods=[GET]}" onto public java.lang.String com.nick.gvent.controllers.LoginController.getLogin(java.lang.String,java.lang.String,org.springframework.ui.Model)
[INFO ] 2017-11-21 19:05:13.836 [restartedMain] SimpleUrlHandlerMapping - Root mapping to handler of type [class org.springframework.web.servlet.mvc.ParameterizableViewController]
[INFO ] 2017-11-21 19:05:13.836 [restartedMain] SimpleUrlHandlerMapping - Mapped URL path [/map] onto handler of type [class org.springframework.web.servlet.mvc.ParameterizableViewController]
[INFO ] 2017-11-21 19:05:13.836 [restartedMain] SimpleUrlHandlerMapping - Mapped URL path [/login/] onto handler of type [class org.springframework.web.servlet.mvc.ParameterizableViewController]
[INFO ] 2017-11-21 19:05:13.883 [restartedMain] SimpleUrlHandlerMapping - Mapped URL path [/webjars/**] onto handler of type [class org.springframework.web.servlet.resource.ResourceHttpRequestHandler]
[INFO ] 2017-11-21 19:05:13.883 [restartedMain] SimpleUrlHandlerMapping - Mapped URL path [/**] onto handler of type [class org.springframework.web.servlet.resource.ResourceHttpRequestHandler]
[INFO ] 2017-11-21 19:05:14.024 [restartedMain] SimpleUrlHandlerMapping - Mapped URL path [/**/favicon.ico] onto handler of type [class org.springframework.web.servlet.resource.ResourceHttpRequestHandler]
[INFO ] 2017-11-21 19:05:14.758 [restartedMain] FreeMarkerConfigurer - ClassTemplateLoader for Spring macros added to FreeMarker configuration
[INFO ] 2017-11-21 19:13:20.026 [localhost-startStop-1] ContextLoader - Root WebApplicationContext: initialization completed in 9961 ms
[INFO ] 2017-11-21 19:13:31.948 [restartedMain] RequestMappingHandlerAdapter - Looking for @ControllerAdvice: org.springframework.boot.context.embedded.AnnotationConfigEmbeddedWebApplicationContext@6eb9fd57: startup date [Tue Nov 21 19:13:10 MSK 2017]; root of context hierarchy
[INFO ] 2017-11-21 19:13:32.292 [restartedMain] RequestMappingHandlerMapping - Mapped "{[/error],methods=[GET]}" onto public java.lang.String com.nick.gvent.controllers.HttpErrorHandler.err(javax.servlet.http.HttpServletResponse,org.springframework.ui.Model)
[INFO ] 2017-11-21 19:13:32.292 [restartedMain] RequestMappingHandlerMapping - Mapped "{[/]}" onto public java.lang.String com.nick.gvent.controllers.LayoutController.main()
[INFO ] 2017-11-21 19:13:32.292 [restartedMain] RequestMappingHandlerMapping - Mapped "{[/map]}" onto public java.lang.String com.nick.gvent.controllers.LayoutController.map()
[INFO ] 2017-11-21 19:13:32.307 [restartedMain] RequestMappingHandlerMapping - Mapped "{[/login/registration],methods=[POST]}" onto public java.lang.String com.nick.gvent.controllers.LoginController.register(com.nick.gvent.dto.UserDTO,org.springframework.ui.Model,org.springframework.validation.BindingResult)
[INFO ] 2017-11-21 19:13:32.307 [restartedMain] RequestMappingHandlerMapping - Mapped "{[/login/registration],methods=[GET]}" onto public java.lang.String com.nick.gvent.controllers.LoginController.register(org.springframework.ui.Model)
[INFO ] 2017-11-21 19:13:32.307 [restartedMain] RequestMappingHandlerMapping - Mapped "{[/login],methods=[GET]}" onto public java.lang.String com.nick.gvent.controllers.LoginController.getLogin(java.lang.String,java.lang.String,org.springframework.ui.Model)
[INFO ] 2017-11-21 19:13:32.354 [restartedMain] SimpleUrlHandlerMapping - Root mapping to handler of type [class org.springframework.web.servlet.mvc.ParameterizableViewController]
[INFO ] 2017-11-21 19:13:32.354 [restartedMain] SimpleUrlHandlerMapping - Mapped URL path [/map] onto handler of type [class org.springframework.web.servlet.mvc.ParameterizableViewController]
[INFO ] 2017-11-21 19:13:32.354 [restartedMain] SimpleUrlHandlerMapping - Mapped URL path [/login/] onto handler of type [class org.springframework.web.servlet.mvc.ParameterizableViewController]
[INFO ] 2017-11-21 19:13:32.401 [restartedMain] SimpleUrlHandlerMapping - Mapped URL path [/webjars/**] onto handler of type [class org.springframework.web.servlet.resource.ResourceHttpRequestHandler]
[INFO ] 2017-11-21 19:13:32.401 [restartedMain] SimpleUrlHandlerMapping - Mapped URL path [/**] onto handler of type [class org.springframework.web.servlet.resource.ResourceHttpRequestHandler]
[INFO ] 2017-11-21 19:13:32.589 [restartedMain] SimpleUrlHandlerMapping - Mapped URL path [/**/favicon.ico] onto handler of type [class org.springframework.web.servlet.resource.ResourceHttpRequestHandler]
[INFO ] 2017-11-21 19:13:33.438 [restartedMain] FreeMarkerConfigurer - ClassTemplateLoader for Spring macros added to FreeMarker configuration
[INFO ] 2017-11-21 19:15:12.520 [localhost-startStop-1] ContextLoader - Root WebApplicationContext: initialization completed in 9657 ms
[INFO ] 2017-11-21 19:15:24.770 [restartedMain] RequestMappingHandlerAdapter - Looking for @ControllerAdvice: org.springframework.boot.context.embedded.AnnotationConfigEmbeddedWebApplicationContext@1c205be6: startup date [Tue Nov 21 19:15:02 MSK 2017]; root of context hierarchy
[INFO ] 2017-11-21 19:15:25.177 [restartedMain] RequestMappingHandlerMapping - Mapped "{[/error],methods=[GET]}" onto public java.lang.String com.nick.gvent.controllers.HttpErrorHandler.err(javax.servlet.http.HttpServletResponse,org.springframework.ui.Model)
[INFO ] 2017-11-21 19:15:25.177 [restartedMain] RequestMappingHandlerMapping - Mapped "{[/]}" onto public java.lang.String com.nick.gvent.controllers.LayoutController.main()
[INFO ] 2017-11-21 19:15:25.177 [restartedMain] RequestMappingHandlerMapping - Mapped "{[/map]}" onto public java.lang.String com.nick.gvent.controllers.LayoutController.map()
[INFO ] 2017-11-21 19:15:25.192 [restartedMain] RequestMappingHandlerMapping - Mapped "{[/login/registration],methods=[POST]}" onto public java.lang.String com.nick.gvent.controllers.LoginController.register(com.nick.gvent.dto.UserDTO,org.springframework.ui.Model,org.springframework.validation.BindingResult)
[INFO ] 2017-11-21 19:15:25.192 [restartedMain] RequestMappingHandlerMapping - Mapped "{[/login/registration],methods=[GET]}" onto public java.lang.String com.nick.gvent.controllers.LoginController.register(org.springframework.ui.Model)
[INFO ] 2017-11-21 19:15:25.192 [restartedMain] RequestMappingHandlerMapping - Mapped "{[/login],methods=[GET]}" onto public java.lang.String com.nick.gvent.controllers.LoginController.getLogin(java.lang.String,java.lang.String,org.springframework.ui.Model)
[INFO ] 2017-11-21 19:15:25.286 [restartedMain] SimpleUrlHandlerMapping - Root mapping to handler of type [class org.springframework.web.servlet.mvc.ParameterizableViewController]
[INFO ] 2017-11-21 19:15:25.286 [restartedMain] SimpleUrlHandlerMapping - Mapped URL path [/map] onto handler of type [class org.springframework.web.servlet.mvc.ParameterizableViewController]
[INFO ] 2017-11-21 19:15:25.286 [restartedMain] SimpleUrlHandlerMapping - Mapped URL path [/login/] onto handler of type [class org.springframework.web.servlet.mvc.ParameterizableViewController]
[INFO ] 2017-11-21 19:15:25.364 [restartedMain] SimpleUrlHandlerMapping - Mapped URL path [/webjars/**] onto handler of type [class org.springframework.web.servlet.resource.ResourceHttpRequestHandler]
[INFO ] 2017-11-21 19:15:25.364 [restartedMain] SimpleUrlHandlerMapping - Mapped URL path [/**] onto handler of type [class org.springframework.web.servlet.resource.ResourceHttpRequestHandler]
[INFO ] 2017-11-21 19:15:26.005 [restartedMain] SimpleUrlHandlerMapping - Mapped URL path [/**/favicon.ico] onto handler of type [class org.springframework.web.servlet.resource.ResourceHttpRequestHandler]
[INFO ] 2017-11-21 19:15:27.396 [restartedMain] FreeMarkerConfigurer - ClassTemplateLoader for Spring macros added to FreeMarker configuration
